This is XeTeX, Version 3.14159265-2.6-0.99999 (MiKTeX 2.9.6880 64-bit) (preloaded format=xelatex 2018.12.30)  30 DEC 2018 12:07
entering extended mode
**./jabstb.tex
(jabstb.tex
LaTeX2e <2018-12-01>
("C:\Users\medtj\AppData\Local\Programs\MiKTeX 2.9\tex\latex\base\book.cls"
Document Class: book 2018/09/03 v1.4i Standard LaTeX document class
("C:\Users\medtj\AppData\Local\Programs\MiKTeX 2.9\tex\latex\base\bk10.clo"
File: bk10.clo 2018/09/03 v1.4i Standard LaTeX file (size option)
)
\c@part=\count80
\c@chapter=\count81
\c@section=\count82
\c@subsection=\count83
\c@subsubsection=\count84
\c@paragraph=\count85
\c@subparagraph=\count86
\c@figure=\count87
\c@table=\count88
\abovecaptionskip=\skip41
\belowcaptionskip=\skip42
\bibindent=\dimen102
) ("C:\Users\medtj\AppData\Local\Programs\MiKTeX 2.9\tex\latex\lm\lmodern.sty"
Package: lmodern 2009/10/30 v1.6 Latin Modern Fonts
LaTeX Font Info:    Overwriting symbol font `operators' in version `normal'
(Font)                  OT1/cmr/m/n --> OT1/lmr/m/n on input line 22.
LaTeX Font Info:    Overwriting symbol font `letters' in version `normal'
(Font)                  OML/cmm/m/it --> OML/lmm/m/it on input line 23.
LaTeX Font Info:    Overwriting symbol font `symbols' in version `normal'
(Font)                  OMS/cmsy/m/n --> OMS/lmsy/m/n on input line 24.
LaTeX Font Info:    Overwriting symbol font `largesymbols' in version `normal'
(Font)                  OMX/cmex/m/n --> OMX/lmex/m/n on input line 25.
LaTeX Font Info:    Overwriting symbol font `operators' in version `bold'
(Font)                  OT1/cmr/bx/n --> OT1/lmr/bx/n on input line 26.
LaTeX Font Info:    Overwriting symbol font `letters' in version `bold'
(Font)                  OML/cmm/b/it --> OML/lmm/b/it on input line 27.
LaTeX Font Info:    Overwriting symbol font `symbols' in version `bold'
(Font)                  OMS/cmsy/b/n --> OMS/lmsy/b/n on input line 28.
LaTeX Font Info:    Overwriting symbol font `largesymbols' in version `bold'
(Font)                  OMX/cmex/m/n --> OMX/lmex/m/n on input line 29.
LaTeX Font Info:    Overwriting math alphabet `\mathbf' in version `normal'
(Font)                  OT1/cmr/bx/n --> OT1/lmr/bx/n on input line 31.
LaTeX Font Info:    Overwriting math alphabet `\mathsf' in version `normal'
(Font)                  OT1/cmss/m/n --> OT1/lmss/m/n on input line 32.
LaTeX Font Info:    Overwriting math alphabet `\mathit' in version `normal'
(Font)                  OT1/cmr/m/it --> OT1/lmr/m/it on input line 33.
LaTeX Font Info:    Overwriting math alphabet `\mathtt' in version `normal'
(Font)                  OT1/cmtt/m/n --> OT1/lmtt/m/n on input line 34.
LaTeX Font Info:    Overwriting math alphabet `\mathbf' in version `bold'
(Font)                  OT1/cmr/bx/n --> OT1/lmr/bx/n on input line 35.
LaTeX Font Info:    Overwriting math alphabet `\mathsf' in version `bold'
(Font)                  OT1/cmss/bx/n --> OT1/lmss/bx/n on input line 36.
LaTeX Font Info:    Overwriting math alphabet `\mathit' in version `bold'
(Font)                  OT1/cmr/bx/it --> OT1/lmr/bx/it on input line 37.
LaTeX Font Info:    Overwriting math alphabet `\mathtt' in version `bold'
(Font)                  OT1/cmtt/m/n --> OT1/lmtt/m/n on input line 38.
)
("C:\Users\medtj\AppData\Local\Programs\MiKTeX 2.9\tex\latex\amsfonts\amssymb.s
ty"
Package: amssymb 2013/01/14 v3.01 AMS font symbols

("C:\Users\medtj\AppData\Local\Programs\MiKTeX 2.9\tex\latex\amsfonts\amsfonts.
sty"
Package: amsfonts 2013/01/14 v3.01 Basic AMSFonts support
\@emptytoks=\toks14
\symAMSa=\mathgroup4
\symAMSb=\mathgroup5
LaTeX Font Info:    Overwriting math alphabet `\mathfrak' in version `bold'
(Font)                  U/euf/m/n --> U/euf/b/n on input line 106.
))
("C:\Users\medtj\AppData\Local\Programs\MiKTeX 2.9\tex\latex\amsmath\amsmath.st
y"
Package: amsmath 2018/12/01 v2.17b AMS math features
\@mathmargin=\skip43
For additional information on amsmath, use the `?' option.

("C:\Users\medtj\AppData\Local\Programs\MiKTeX 2.9\tex\latex\amsmath\amstext.st
y"
Package: amstext 2000/06/29 v2.01 AMS text
("C:\Users\medtj\AppData\Local\Programs\MiKTeX 2.9\tex\latex\amsmath\amsgen.sty
"
File: amsgen.sty 1999/11/30 v2.0 generic functions
\@emptytoks=\toks15
\ex@=\dimen103
)) ("C:\Users\medtj\AppData\Local\Programs\MiKTeX 2.9\tex\latex\amsmath\amsbsy.
sty"
Package: amsbsy 1999/11/29 v1.2d Bold Symbols
\pmbraise@=\dimen104
) ("C:\Users\medtj\AppData\Local\Programs\MiKTeX 2.9\tex\latex\amsmath\amsopn.s
ty"
Package: amsopn 2016/03/08 v2.02 operator names
)
\inf@bad=\count89
LaTeX Info: Redefining \frac on input line 223.
\uproot@=\count90
\leftroot@=\count91
LaTeX Info: Redefining \overline on input line 385.
\classnum@=\count92
\DOTSCASE@=\count93
LaTeX Info: Redefining \ldots on input line 482.
LaTeX Info: Redefining \dots on input line 485.
LaTeX Info: Redefining \cdots on input line 606.
\Mathstrutbox@=\box27
\strutbox@=\box28
\big@size=\dimen105
LaTeX Font Info:    Redeclaring font encoding OML on input line 729.
LaTeX Font Info:    Redeclaring font encoding OMS on input line 730.
\macc@depth=\count94
\c@MaxMatrixCols=\count95
\dotsspace@=\muskip10
\c@parentequation=\count96
\dspbrk@lvl=\count97
\tag@help=\toks16
\row@=\count98
\column@=\count99
\maxfields@=\count100
\andhelp@=\toks17
\eqnshift@=\dimen106
\alignsep@=\dimen107
\tagshift@=\dimen108
\tagwidth@=\dimen109
\totwidth@=\dimen110
\lineht@=\dimen111
\@envbody=\toks18
\multlinegap=\skip44
\multlinetaggap=\skip45
\mathdisplay@stack=\toks19
LaTeX Info: Redefining \[ on input line 2844.
LaTeX Info: Redefining \] on input line 2845.
)
("C:\Users\medtj\AppData\Local\Programs\MiKTeX 2.9\tex\generic\ifxetex\ifxetex.
sty"
Package: ifxetex 2010/09/12 v0.6 Provides ifxetex conditional
)
("C:\Users\medtj\AppData\Local\Programs\MiKTeX 2.9\tex\generic\oberdiek\ifluate
x.sty"
Package: ifluatex 2016/05/16 v1.4 Provides the ifluatex switch (HO)
Package ifluatex Info: LuaTeX not detected.
) ("C:\Users\medtj\AppData\Local\Programs\MiKTeX 2.9\tex\latex\base\fixltx2e.st
y"
Package: fixltx2e 2016/12/29 v2.1a fixes to LaTeX (obsolete)
Applying: [2015/01/01] Old fixltx2e package on input line 46.

Package fixltx2e Warning: fixltx2e is not required with releases after 2015
(fixltx2e)                All fixes are now in the LaTeX kernel.
(fixltx2e)                See the latexrelease package for details.

Already applied: [0000/00/00] Old fixltx2e package on input line 53.
)
("C:\Users\medtj\AppData\Local\Programs\MiKTeX 2.9\tex\xelatex\mathspec\mathspe
c.sty"
Package: mathspec 2016/12/22 v0.2b LaTeX Package (Mathematics font selection fo
r XeLaTeX)

("C:\Users\medtj\AppData\Local\Programs\MiKTeX 2.9\tex\latex\etoolbox\etoolbox.
sty"
Package: etoolbox 2018/08/19 v2.5f e-TeX tools for LaTeX (JAW)
\etb@tempcnta=\count101
)
("C:\Users\medtj\AppData\Local\Programs\MiKTeX 2.9\tex\latex\fontspec\fontspec.
sty"
("C:\Users\medtj\AppData\Local\Programs\MiKTeX 2.9\tex\latex\l3packages\xparse\
xparse.sty" ("C:\Users\medtj\AppData\Local\Programs\MiKTeX 2.9\tex\latex\l3kern
el\expl3.sty"
Package: expl3 2018-12-12 L3 programming layer (loader) 

("C:\Users\medtj\AppData\Local\Programs\MiKTeX 2.9\tex\latex\l3kernel\expl3-cod
e.tex"
Package: expl3 2018-12-12 L3 programming layer (code)
\c_max_int=\count102
\l_tmpa_int=\count103
\l_tmpb_int=\count104
\g_tmpa_int=\count105
\g_tmpb_int=\count106
\g__kernel_prg_map_int=\count107
\c_log_iow=\count108
\l_iow_line_count_int=\count109
\l__iow_line_target_int=\count110
\l__iow_one_indent_int=\count111
\l__iow_indent_int=\count112
\c_zero_dim=\dimen112
\c_max_dim=\dimen113
\l_tmpa_dim=\dimen114
\l_tmpb_dim=\dimen115
\g_tmpa_dim=\dimen116
\g_tmpb_dim=\dimen117
\c_zero_skip=\skip46
\c_max_skip=\skip47
\l_tmpa_skip=\skip48
\l_tmpb_skip=\skip49
\g_tmpa_skip=\skip50
\g_tmpb_skip=\skip51
\c_zero_muskip=\muskip11
\c_max_muskip=\muskip12
\l_tmpa_muskip=\muskip13
\l_tmpb_muskip=\muskip14
\g_tmpa_muskip=\muskip15
\g_tmpb_muskip=\muskip16
\l_keys_choice_int=\count113
\l__intarray_loop_int=\count114
\c__intarray_sp_dim=\dimen118
\g__intarray_font_int=\count115
\c__fp_leading_shift_int=\count116
\c__fp_middle_shift_int=\count117
\c__fp_trailing_shift_int=\count118
\c__fp_big_leading_shift_int=\count119
\c__fp_big_middle_shift_int=\count120
\c__fp_big_trailing_shift_int=\count121
\c__fp_Bigg_leading_shift_int=\count122
\c__fp_Bigg_middle_shift_int=\count123
\c__fp_Bigg_trailing_shift_int=\count124
\g__fp_array_int=\count125
\l__fp_array_loop_int=\count126
\l__sort_length_int=\count127
\l__sort_min_int=\count128
\l__sort_top_int=\count129
\l__sort_max_int=\count130
\l__sort_true_max_int=\count131
\l__sort_block_int=\count132
\l__sort_begin_int=\count133
\l__sort_end_int=\count134
\l__sort_A_int=\count135
\l__sort_B_int=\count136
\l__sort_C_int=\count137
\l__tl_analysis_normal_int=\count138
\l__tl_analysis_index_int=\count139
\l__tl_analysis_nesting_int=\count140
\l__tl_analysis_type_int=\count141
\l__regex_internal_a_int=\count142
\l__regex_internal_b_int=\count143
\l__regex_internal_c_int=\count144
\l__regex_balance_int=\count145
\l__regex_group_level_int=\count146
\l__regex_mode_int=\count147
\c__regex_cs_in_class_mode_int=\count148
\c__regex_cs_mode_int=\count149
\l__regex_catcodes_int=\count150
\l__regex_default_catcodes_int=\count151
\c__regex_catcode_L_int=\count152
\c__regex_catcode_O_int=\count153
\c__regex_catcode_A_int=\count154
\c__regex_all_catcodes_int=\count155
\l__regex_show_lines_int=\count156
\l__regex_min_state_int=\count157
\l__regex_max_state_int=\count158
\l__regex_left_state_int=\count159
\l__regex_right_state_int=\count160
\l__regex_capturing_group_int=\count161
\l__regex_min_pos_int=\count162
\l__regex_max_pos_int=\count163
\l__regex_curr_pos_int=\count164
\l__regex_start_pos_int=\count165
\l__regex_success_pos_int=\count166
\l__regex_curr_char_int=\count167
\l__regex_curr_catcode_int=\count168
\l__regex_last_char_int=\count169
\l__regex_case_changed_char_int=\count170
\l__regex_curr_state_int=\count171
\l__regex_step_int=\count172
\l__regex_min_active_int=\count173
\l__regex_max_active_int=\count174
\l__regex_replacement_csnames_int=\count175
\l__regex_match_count_int=\count176
\l__regex_min_submatch_int=\count177
\l__regex_submatch_int=\count178
\l__regex_zeroth_submatch_int=\count179
\g__regex_trace_regex_int=\count180
\c_empty_box=\box29
\l_tmpa_box=\box30
\l_tmpb_box=\box31
\g_tmpa_box=\box32
\g_tmpb_box=\box33
\l__box_top_dim=\dimen119
\l__box_bottom_dim=\dimen120
\l__box_left_dim=\dimen121
\l__box_right_dim=\dimen122
\l__box_top_new_dim=\dimen123
\l__box_bottom_new_dim=\dimen124
\l__box_left_new_dim=\dimen125
\l__box_right_new_dim=\dimen126
\l__box_internal_box=\box34
\l__coffin_internal_box=\box35
\l__coffin_internal_dim=\dimen127
\l__coffin_offset_x_dim=\dimen128
\l__coffin_offset_y_dim=\dimen129
\l__coffin_x_dim=\dimen130
\l__coffin_y_dim=\dimen131
\l__coffin_x_prime_dim=\dimen132
\l__coffin_y_prime_dim=\dimen133
\c_empty_coffin=\box36
\l__coffin_aligned_coffin=\box37
\l__coffin_aligned_internal_coffin=\box38
\l_tmpa_coffin=\box39
\l_tmpb_coffin=\box40
\l__coffin_display_coffin=\box41
\l__coffin_display_coord_coffin=\box42
\l__coffin_display_pole_coffin=\box43
\l__coffin_display_offset_dim=\dimen134
\l__coffin_display_x_dim=\dimen135
\l__coffin_display_y_dim=\dimen136
\g__file_internal_ior=\read1
\l__coffin_bounding_shift_dim=\dimen137
\l__coffin_left_corner_dim=\dimen138
\l__coffin_right_corner_dim=\dimen139
\l__coffin_bottom_corner_dim=\dimen140
\l__coffin_top_corner_dim=\dimen141
\l__coffin_scaled_total_height_dim=\dimen142
\l__coffin_scaled_width_dim=\dimen143
\l__seq_internal_a_int=\count181
\l__seq_internal_b_int=\count182
)
("C:\Users\medtj\AppData\Local\Programs\MiKTeX 2.9\tex\latex\l3kernel\l3xdvipdf
mx.def"
File: l3xdvidpfmx.def 2018-12-12 v L3 Experimental driver: xdvipdfmx
\g__driver_image_int=\count183
\g__driver_pdf_object_int=\count184
))
Package: xparse 2018-10-17 L3 Experimental document command parser
\l__xparse_current_arg_int=\count185
\g__xparse_grabber_int=\count186
\l__xparse_m_args_int=\count187
\l__xparse_mandatory_args_int=\count188
\l__xparse_v_nesting_int=\count189
)
Package: fontspec 2018/07/30 vv2.6h Font selection for XeLaTeX and LuaLaTeX

("C:\Users\medtj\AppData\Local\Programs\MiKTeX 2.9\tex\latex\fontspec\fontspec-
xetex.sty"
Package: fontspec-xetex 2018/07/30 vv2.6h Font selection for XeLaTeX and LuaLaT
eX
\l__fontspec_script_int=\count190
\l__fontspec_language_int=\count191
\l__fontspec_strnum_int=\count192
\l__fontspec_tmp_int=\count193
\l__fontspec_em_int=\count194
\l__fontspec_emdef_int=\count195
\l__fontspec_strong_int=\count196
\l__fontspec_strongdef_int=\count197
\l__fontspec_tmpa_dim=\dimen144
\l__fontspec_tmpb_dim=\dimen145
\l__fontspec_tmpc_dim=\dimen146
("C:\Users\medtj\AppData\Local\Programs\MiKTeX 2.9\tex\latex\base\fontenc.sty"
Package: fontenc 2018/08/11 v2.0j Standard LaTeX package
("C:\Users\medtj\AppData\Local\Programs\MiKTeX 2.9\tex\latex\base\tuenc.def"
File: tuenc.def 2018/08/11 v2.0j Standard LaTeX file
LaTeX Font Info:    Redeclaring font encoding TU on input line 82.
))
("C:\Users\medtj\AppData\Local\Programs\MiKTeX 2.9\tex\latex\fontspec\fontspec.
cfg")
LaTeX Info: Redefining \itshape on input line 3910.
LaTeX Info: Redefining \slshape on input line 3915.
LaTeX Info: Redefining \scshape on input line 3920.
LaTeX Info: Redefining \upshape on input line 3925.
LaTeX Info: Redefining \em on input line 3955.
LaTeX Info: Redefining \emph on input line 3980.
LaTeX Info: Redefining \- on input line 4034.
))
("C:\Users\medtj\AppData\Local\Programs\MiKTeX 2.9\tex\latex\xkeyval\xkeyval.st
y"
Package: xkeyval 2014/12/03 v2.7a package option processing (HA)

("C:\Users\medtj\AppData\Local\Programs\MiKTeX 2.9\tex\generic\xkeyval\xkeyval.
tex"
("C:\Users\medtj\AppData\Local\Programs\MiKTeX 2.9\tex\generic\xkeyval\xkvutils
.tex"
\XKV@toks=\toks20
\XKV@tempa@toks=\toks21

("C:\Users\medtj\AppData\Local\Programs\MiKTeX 2.9\tex\generic\xkeyval\keyval.t
ex"))
\XKV@depth=\count198
File: xkeyval.tex 2014/12/03 v2.7a key=value parser (HA)
))
\c@eu@=\count199
\c@eu@i=\count266
\c@mkern=\count267
)
("C:\Users\medtj\AppData\Local\Programs\MiKTeX 2.9\tex\latex\upquote\upquote.st
y"
Package: upquote 2012/04/19 v1.3 upright-quote and grave-accent glyphs in verba
tim
("C:\Users\medtj\AppData\Local\Programs\MiKTeX 2.9\tex\latex\base\textcomp.sty"
Package: textcomp 2018/08/11 v2.0j Standard LaTeX package
Package textcomp Info: Sub-encoding information:
(textcomp)               5 = only ISO-Adobe without \textcurrency
(textcomp)               4 = 5 + \texteuro
(textcomp)               3 = 4 + \textohm
(textcomp)               2 = 3 + \textestimated + \textcurrency
(textcomp)               1 = TS1 - \textcircled - \t
(textcomp)               0 = TS1 (full)
(textcomp)             Font families with sub-encoding setting implement
(textcomp)             only a restricted character set as indicated.
(textcomp)             Family '?' is the default used for unknown fonts.
(textcomp)             See the documentation for details.
Package textcomp Info: Setting ? sub-encoding to TS1/1 on input line 79.
("C:\Users\medtj\AppData\Local\Programs\MiKTeX 2.9\tex\latex\base\ts1enc.def"
File: ts1enc.def 2001/06/05 v3.0e (jk/car/fm) Standard LaTeX file
)
LaTeX Info: Redefining \oldstylenums on input line 334.
Package textcomp Info: Setting cmr sub-encoding to TS1/0 on input line 349.
Package textcomp Info: Setting cmss sub-encoding to TS1/0 on input line 350.
Package textcomp Info: Setting cmtt sub-encoding to TS1/0 on input line 351.
Package textcomp Info: Setting cmvtt sub-encoding to TS1/0 on input line 352.
Package textcomp Info: Setting cmbr sub-encoding to TS1/0 on input line 353.
Package textcomp Info: Setting cmtl sub-encoding to TS1/0 on input line 354.
Package textcomp Info: Setting ccr sub-encoding to TS1/0 on input line 355.
Package textcomp Info: Setting ptm sub-encoding to TS1/4 on input line 356.
Package textcomp Info: Setting pcr sub-encoding to TS1/4 on input line 357.
Package textcomp Info: Setting phv sub-encoding to TS1/4 on input line 358.
Package textcomp Info: Setting ppl sub-encoding to TS1/3 on input line 359.
Package textcomp Info: Setting pag sub-encoding to TS1/4 on input line 360.
Package textcomp Info: Setting pbk sub-encoding to TS1/4 on input line 361.
Package textcomp Info: Setting pnc sub-encoding to TS1/4 on input line 362.
Package textcomp Info: Setting pzc sub-encoding to TS1/4 on input line 363.
Package textcomp Info: Setting bch sub-encoding to TS1/4 on input line 364.
Package textcomp Info: Setting put sub-encoding to TS1/5 on input line 365.
Package textcomp Info: Setting uag sub-encoding to TS1/5 on input line 366.
Package textcomp Info: Setting ugq sub-encoding to TS1/5 on input line 367.
Package textcomp Info: Setting ul8 sub-encoding to TS1/4 on input line 368.
Package textcomp Info: Setting ul9 sub-encoding to TS1/4 on input line 369.
Package textcomp Info: Setting augie sub-encoding to TS1/5 on input line 370.
Package textcomp Info: Setting dayrom sub-encoding to TS1/3 on input line 371.
Package textcomp Info: Setting dayroms sub-encoding to TS1/3 on input line 372.

Package textcomp Info: Setting pxr sub-encoding to TS1/0 on input line 373.
Package textcomp Info: Setting pxss sub-encoding to TS1/0 on input line 374.
Package textcomp Info: Setting pxtt sub-encoding to TS1/0 on input line 375.
Package textcomp Info: Setting txr sub-encoding to TS1/0 on input line 376.
Package textcomp Info: Setting txss sub-encoding to TS1/0 on input line 377.
Package textcomp Info: Setting txtt sub-encoding to TS1/0 on input line 378.
Package textcomp Info: Setting lmr sub-encoding to TS1/0 on input line 379.
Package textcomp Info: Setting lmdh sub-encoding to TS1/0 on input line 380.
Package textcomp Info: Setting lmss sub-encoding to TS1/0 on input line 381.
Package textcomp Info: Setting lmssq sub-encoding to TS1/0 on input line 382.
Package textcomp Info: Setting lmvtt sub-encoding to TS1/0 on input line 383.
Package textcomp Info: Setting lmtt sub-encoding to TS1/0 on input line 384.
Package textcomp Info: Setting qhv sub-encoding to TS1/0 on input line 385.
Package textcomp Info: Setting qag sub-encoding to TS1/0 on input line 386.
Package textcomp Info: Setting qbk sub-encoding to TS1/0 on input line 387.
Package textcomp Info: Setting qcr sub-encoding to TS1/0 on input line 388.
Package textcomp Info: Setting qcs sub-encoding to TS1/0 on input line 389.
Package textcomp Info: Setting qpl sub-encoding to TS1/0 on input line 390.
Package textcomp Info: Setting qtm sub-encoding to TS1/0 on input line 391.
Package textcomp Info: Setting qzc sub-encoding to TS1/0 on input line 392.
Package textcomp Info: Setting qhvc sub-encoding to TS1/0 on input line 393.
Package textcomp Info: Setting futs sub-encoding to TS1/4 on input line 394.
Package textcomp Info: Setting futx sub-encoding to TS1/4 on input line 395.
Package textcomp Info: Setting futj sub-encoding to TS1/4 on input line 396.
Package textcomp Info: Setting hlh sub-encoding to TS1/3 on input line 397.
Package textcomp Info: Setting hls sub-encoding to TS1/3 on input line 398.
Package textcomp Info: Setting hlst sub-encoding to TS1/3 on input line 399.
Package textcomp Info: Setting hlct sub-encoding to TS1/5 on input line 400.
Package textcomp Info: Setting hlx sub-encoding to TS1/5 on input line 401.
Package textcomp Info: Setting hlce sub-encoding to TS1/5 on input line 402.
Package textcomp Info: Setting hlcn sub-encoding to TS1/5 on input line 403.
Package textcomp Info: Setting hlcw sub-encoding to TS1/5 on input line 404.
Package textcomp Info: Setting hlcf sub-encoding to TS1/5 on input line 405.
Package textcomp Info: Setting pplx sub-encoding to TS1/3 on input line 406.
Package textcomp Info: Setting pplj sub-encoding to TS1/3 on input line 407.
Package textcomp Info: Setting ptmx sub-encoding to TS1/4 on input line 408.
Package textcomp Info: Setting ptmj sub-encoding to TS1/4 on input line 409.
))
("C:\Users\medtj\AppData\Local\Programs\MiKTeX 2.9\tex\latex\microtype\microtyp
e.sty"
Package: microtype 2018/01/14 v2.7a Micro-typographical refinements (RS)
\MT@toks=\toks22
\MT@count=\count268
LaTeX Info: Redefining \textls on input line 793.
\MT@outer@kern=\dimen147
LaTeX Info: Redefining \textmicrotypecontext on input line 1339.
\MT@listname@count=\count269

("C:\Users\medtj\AppData\Local\Programs\MiKTeX 2.9\tex\latex\microtype\microtyp
e-xetex.def"
File: microtype-xetex.def 2018/01/14 v2.7a Definitions specific to xetex (RS)
LaTeX Info: Redefining \lsstyle on input line 256.
)
Package microtype Info: Loading configuration file microtype.cfg.

("C:\Users\medtj\AppData\Local\Programs\MiKTeX 2.9\tex\latex\microtype\microtyp
e.cfg"
File: microtype.cfg 2018/01/14 v2.7a microtype main configuration file (RS)
))
("C:\Users\medtj\AppData\Local\Programs\MiKTeX 2.9\tex\latex\geometry\geometry.
sty"
Package: geometry 2018/04/16 v5.8 Page Geometry

("C:\Users\medtj\AppData\Local\Programs\MiKTeX 2.9\tex\generic\oberdiek\ifpdf.s
ty"
Package: ifpdf 2018/09/07 v3.3 Provides the ifpdf switch
)
("C:\Users\medtj\AppData\Local\Programs\MiKTeX 2.9\tex\generic\oberdiek\ifvtex.
sty"
Package: ifvtex 2016/05/16 v1.6 Detect VTeX and its facilities (HO)
Package ifvtex Info: VTeX not detected.
)
\Gm@cnth=\count270
\Gm@cntv=\count271
\c@Gm@tempcnt=\count272
\Gm@bindingoffset=\dimen148
\Gm@wd@mp=\dimen149
\Gm@odd@mp=\dimen150
\Gm@even@mp=\dimen151
\Gm@layoutwidth=\dimen152
\Gm@layoutheight=\dimen153
\Gm@layouthoffset=\dimen154
\Gm@layoutvoffset=\dimen155
\Gm@dimlist=\toks23

("C:\Users\medtj\AppData\Local\Programs\MiKTeX 2.9\tex\xelatex\xetexconfig\geom
etry.cfg"))
("C:\Users\medtj\AppData\Local\Programs\MiKTeX 2.9\tex\latex\hyperref\hyperref.
sty"
Package: hyperref 2018/11/30 v6.88e Hypertext links for LaTeX

("C:\Users\medtj\AppData\Local\Programs\MiKTeX 2.9\tex\generic\oberdiek\hobsub-
hyperref.sty"
Package: hobsub-hyperref 2016/05/16 v1.14 Bundle oberdiek, subset hyperref (HO)


("C:\Users\medtj\AppData\Local\Programs\MiKTeX 2.9\tex\generic\oberdiek\hobsub-
generic.sty"
Package: hobsub-generic 2016/05/16 v1.14 Bundle oberdiek, subset generic (HO)
Package: hobsub 2016/05/16 v1.14 Construct package bundles (HO)
Package: infwarerr 2016/05/16 v1.4 Providing info/warning/error messages (HO)
Package: ltxcmds 2016/05/16 v1.23 LaTeX kernel commands for general use (HO)
Package hobsub Info: Skipping package `ifluatex' (already loaded).
Package hobsub Info: Skipping package `ifvtex' (already loaded).
Package: intcalc 2016/05/16 v1.2 Expandable calculations with integers (HO)
Package hobsub Info: Skipping package `ifpdf' (already loaded).
Package: etexcmds 2016/05/16 v1.6 Avoid name clashes with e-TeX commands (HO)
Package: kvsetkeys 2016/05/16 v1.17 Key value parser (HO)
Package: kvdefinekeys 2016/05/16 v1.4 Define keys (HO)
Package: pdftexcmds 2018/09/10 v0.29 Utility functions of pdfTeX for LuaTeX (HO
)
Package pdftexcmds Info: LuaTeX not detected.
Package pdftexcmds Info: pdfTeX >= 1.30 not detected.
Package pdftexcmds Info: \pdf@primitive is available.
Package pdftexcmds Info: \pdf@ifprimitive is available.
Package pdftexcmds Info: \pdfdraftmode not found.
Package: pdfescape 2016/05/16 v1.14 Implements pdfTeX's escape features (HO)
Package: bigintcalc 2016/05/16 v1.4 Expandable calculations on big integers (HO
)
Package: bitset 2016/05/16 v1.2 Handle bit-vector datatype (HO)
Package: uniquecounter 2016/05/16 v1.3 Provide unlimited unique counter (HO)
)
Package hobsub Info: Skipping package `hobsub' (already loaded).
Package: letltxmacro 2016/05/16 v1.5 Let assignment for LaTeX macros (HO)
Package: hopatch 2016/05/16 v1.3 Wrapper for package hooks (HO)
Package: xcolor-patch 2016/05/16 xcolor patch
Package: atveryend 2016/05/16 v1.9 Hooks at the very end of document (HO)
Package: atbegshi 2016/06/09 v1.18 At begin shipout hook (HO)
Package: refcount 2016/05/16 v3.5 Data extraction from label references (HO)
Package: hycolor 2016/05/16 v1.8 Color options for hyperref/bookmark (HO)
)
("C:\Users\medtj\AppData\Local\Programs\MiKTeX 2.9\tex\latex\oberdiek\auxhook.s
ty"
Package: auxhook 2016/05/16 v1.4 Hooks for auxiliary files (HO)
)
("C:\Users\medtj\AppData\Local\Programs\MiKTeX 2.9\tex\latex\oberdiek\kvoptions
.sty"
Package: kvoptions 2016/05/16 v3.12 Key value format for package options (HO)
)
\@linkdim=\dimen156
\Hy@linkcounter=\count273
\Hy@pagecounter=\count274

("C:\Users\medtj\AppData\Local\Programs\MiKTeX 2.9\tex\latex\hyperref\pd1enc.de
f"
File: pd1enc.def 2018/11/30 v6.88e Hyperref: PDFDocEncoding definition (HO)
)
\Hy@SavedSpaceFactor=\count275

("C:\Users\medtj\AppData\Local\Programs\MiKTeX 2.9\tex\latex\00miktex\hyperref.
cfg"
File: hyperref.cfg 2002/06/06 v1.2 hyperref configuration of TeXLive
)
Package hyperref Info: Hyper figures OFF on input line 4519.
Package hyperref Info: Link nesting OFF on input line 4524.
Package hyperref Info: Hyper index ON on input line 4527.
Package hyperref Info: Plain pages OFF on input line 4534.
Package hyperref Info: Backreferencing OFF on input line 4539.
Package hyperref Info: Implicit mode ON; LaTeX internals redefined.
Package hyperref Info: Bookmarks ON on input line 4772.
\c@Hy@tempcnt=\count276
("C:\Users\medtj\AppData\Local\Programs\MiKTeX 2.9\tex\latex\url\url.sty"
\Urlmuskip=\muskip17
Package: url 2013/09/16  ver 3.4  Verb mode for urls, etc.
)
LaTeX Info: Redefining \url on input line 5125.
\XeTeXLinkMargin=\dimen157
\Fld@menulength=\count277
\Field@Width=\dimen158
\Fld@charsize=\dimen159
Package hyperref Info: Hyper figures OFF on input line 6380.
Package hyperref Info: Link nesting OFF on input line 6385.
Package hyperref Info: Hyper index ON on input line 6388.
Package hyperref Info: backreferencing OFF on input line 6395.
Package hyperref Info: Link coloring OFF on input line 6400.
Package hyperref Info: Link coloring with OCG OFF on input line 6405.
Package hyperref Info: PDF/A mode OFF on input line 6410.
LaTeX Info: Redefining \ref on input line 6450.
LaTeX Info: Redefining \pageref on input line 6454.
\Hy@abspage=\count278
\c@Item=\count279
\c@Hfootnote=\count280
)
Package hyperref Info: Driver (autodetected): hxetex.

("C:\Users\medtj\AppData\Local\Programs\MiKTeX 2.9\tex\latex\hyperref\hxetex.de
f"
File: hxetex.def 2018/11/30 v6.88e Hyperref driver for XeTeX
("C:\Users\medtj\AppData\Local\Programs\MiKTeX 2.9\tex\latex\hyperref\puenc.def
"
File: puenc.def 2018/11/30 v6.88e Hyperref: PDF Unicode definition (HO)
)
("C:\Users\medtj\AppData\Local\Programs\MiKTeX 2.9\tex\generic\oberdiek\stringe
nc.sty"
Package: stringenc 2016/05/16 v1.11 Convert strings between diff. encodings (HO
)
)
\pdfm@box=\box44
\c@Hy@AnnotLevel=\count281
\HyField@AnnotCount=\count282
\Fld@listcount=\count283
\c@bookmark@seq@number=\count284

("C:\Users\medtj\AppData\Local\Programs\MiKTeX 2.9\tex\latex\oberdiek\rerunfile
check.sty"
Package: rerunfilecheck 2016/05/16 v1.8 Rerun checks for auxiliary files (HO)
Package uniquecounter Info: New unique counter `rerunfilecheck' on input line 2
82.
)
\Hy@SectionHShift=\skip52
)
Package hyperref Info: Option `unicode' set `true' on input line 30.

("C:\Users\medtj\AppData\Local\Programs\MiKTeX 2.9\tex\generic\oberdiek\se-asci
i-print.def"
File: se-ascii-print.def 2016/05/16 v1.11 stringenc: Printable ASCII characters

)
Package hyperref Info: Option `breaklinks' set `true' on input line 30.
("C:\Users\medtj\AppData\Local\Programs\MiKTeX 2.9\tex\latex\natbib\natbib.sty"
Package: natbib 2010/09/13 8.31b (PWD, AO)
\bibhang=\skip53
\bibsep=\skip54
LaTeX Info: Redefining \cite on input line 694.
\c@NAT@ctr=\count285
) ("C:\Users\medtj\AppData\Local\Programs\MiKTeX 2.9\tex\latex\graphics\color.s
ty"
Package: color 2016/07/10 v1.1e Standard LaTeX Color (DPC)

("C:\Users\medtj\AppData\Local\Programs\MiKTeX 2.9\tex\latex\graphics-cfg\color
.cfg"
File: color.cfg 2016/01/02 v1.6 sample color configuration
)
Package color Info: Driver file: xetex.def on input line 147.

("C:\Users\medtj\AppData\Local\Programs\MiKTeX 2.9\tex\latex\graphics-def\xetex
.def"
File: xetex.def 2017/06/24 v5.0h Graphics/color driver for xetex
))
("C:\Users\medtj\AppData\Local\Programs\MiKTeX 2.9\tex\latex\fancyvrb\fancyvrb.
sty"
Package: fancyvrb 2018/11/20
Style option: `fancyvrb' v3.1a <2018/11/20> (tvz) ("C:\Users\medtj\AppData\Loca
l\Programs\MiKTeX 2.9\tex\latex\xcolor\xcolor.sty"
Package: xcolor 2016/05/11 v2.12 LaTeX color extensions (UK)

("C:\Users\medtj\AppData\Local\Programs\MiKTeX 2.9\tex\latex\graphics-cfg\color
.cfg"
File: color.cfg 2016/01/02 v1.6 sample color configuration
)
Package xcolor Info: Driver file: xetex.def on input line 225.
LaTeX Info: Redefining \color on input line 709.
Package xcolor Info: Model `cmy' substituted by `cmy0' on input line 1348.
Package xcolor Info: Model `RGB' extended on input line 1364.
Package xcolor Info: Model `HTML' substituted by `rgb' on input line 1366.
Package xcolor Info: Model `Hsb' substituted by `hsb' on input line 1367.
Package xcolor Info: Model `tHsb' substituted by `hsb' on input line 1368.
Package xcolor Info: Model `HSB' substituted by `hsb' on input line 1369.
Package xcolor Info: Model `Gray' substituted by `gray' on input line 1370.
Package xcolor Info: Model `wave' substituted by `hsb' on input line 1371.
)
\FV@CodeLineNo=\count286
\FV@InFile=\read2
\FV@TabBox=\box45
\c@FancyVerbLine=\count287
\FV@StepNumber=\count288
\FV@OutFile=\write3
) ("C:\Users\medtj\AppData\Local\Programs\MiKTeX 2.9\tex\latex\framed\framed.st
y"
Package: framed 2011/10/22 v 0.96: framed or shaded text with page breaks
\OuterFrameSep=\skip55
\fb@frw=\dimen160
\fb@frh=\dimen161
\FrameRule=\dimen162
\FrameSep=\dimen163
)
("C:\Users\medtj\AppData\Local\Programs\MiKTeX 2.9\tex\latex\tools\longtable.st
y"
Package: longtable 2014/10/28 v4.11 Multi-page Table package (DPC)
\LTleft=\skip56
\LTright=\skip57
\LTpre=\skip58
\LTpost=\skip59
\LTchunksize=\count289
\LTcapwidth=\dimen164
\LT@head=\box46
\LT@firsthead=\box47
\LT@foot=\box48
\LT@lastfoot=\box49
\LT@cols=\count290
\LT@rows=\count291
\c@LT@tables=\count292
\c@LT@chunks=\count293
\LT@p@ftn=\toks24
)
("C:\Users\medtj\AppData\Local\Programs\MiKTeX 2.9\tex\latex\booktabs\booktabs.
sty"
Package: booktabs 2005/04/14 v1.61803 publication quality tables
\heavyrulewidth=\dimen165
\lightrulewidth=\dimen166
\cmidrulewidth=\dimen167
\belowrulesep=\dimen168
\belowbottomsep=\dimen169
\aboverulesep=\dimen170
\abovetopsep=\dimen171
\cmidrulesep=\dimen172
\cmidrulekern=\dimen173
\defaultaddspace=\dimen174
\@cmidla=\count294
\@cmidlb=\count295
\@aboverulesep=\dimen175
\@belowrulesep=\dimen176
\@thisruleclass=\count296
\@lastruleclass=\count297
\@thisrulewidth=\dimen177
)
("C:\Users\medtj\AppData\Local\Programs\MiKTeX 2.9\tex\latex\graphics\graphicx.
sty"
Package: graphicx 2017/06/01 v1.1a Enhanced LaTeX Graphics (DPC,SPQR)

("C:\Users\medtj\AppData\Local\Programs\MiKTeX 2.9\tex\latex\graphics\graphics.
sty"
Package: graphics 2017/06/25 v1.2c Standard LaTeX Graphics (DPC,SPQR)
("C:\Users\medtj\AppData\Local\Programs\MiKTeX 2.9\tex\latex\graphics\trig.sty"
Package: trig 2016/01/03 v1.10 sin cos tan (DPC)
)
("C:\Users\medtj\AppData\Local\Programs\MiKTeX 2.9\tex\latex\graphics-cfg\graph
ics.cfg"
File: graphics.cfg 2016/06/04 v1.11 sample graphics configuration
)
Package graphics Info: Driver file: xetex.def on input line 99.
)
\Gin@req@height=\dimen178
\Gin@req@width=\dimen179
)
("C:\Users\medtj\AppData\Local\Programs\MiKTeX 2.9\tex\latex\oberdiek\grffile.s
ty"
Package: grffile 2017/06/30 v1.18 Extended file name support for graphics (HO)
Package grffile Info: Option `multidot' is set to `true'.
Package grffile Info: Option `extendedchars' is set to `false'.
Package grffile Info: Option `space' is set to `true'.
Package grffile Info: \Gin@ii of package `graphicx' fixed on input line 494.
)
("C:\Users\medtj\AppData\Local\Programs\MiKTeX 2.9\tex\latex\parskip\parskip.st
y"
Package: parskip 2018-08-24 v2.0a non-zero parskip adjustments
)
("C:\Users\medtj\AppData\Local\Programs\MiKTeX 2.9\tex\latex\titling\titling.st
y"
Package: titling 2009/09/04 v2.1d maketitle typesetting
\thanksmarkwidth=\skip60
\thanksmargin=\skip61
\droptitle=\skip62
)
No file jabstb.aux.
\openout1 = `jabstb.aux'.

LaTeX Font Info:    Checking defaults for OML/cmm/m/it on input line 132.
LaTeX Font Info:    ... okay on input line 132.
LaTeX Font Info:    Checking defaults for T1/cmr/m/n on input line 132.
LaTeX Font Info:    ... okay on input line 132.
LaTeX Font Info:    Checking defaults for OT1/cmr/m/n on input line 132.
LaTeX Font Info:    ... okay on input line 132.
LaTeX Font Info:    Checking defaults for OMS/cmsy/m/n on input line 132.
LaTeX Font Info:    ... okay on input line 132.
LaTeX Font Info:    Checking defaults for TU/lmr/m/n on input line 132.
LaTeX Font Info:    ... okay on input line 132.
LaTeX Font Info:    Checking defaults for OMX/cmex/m/n on input line 132.
LaTeX Font Info:    ... okay on input line 132.
LaTeX Font Info:    Checking defaults for U/cmr/m/n on input line 132.
LaTeX Font Info:    ... okay on input line 132.
LaTeX Font Info:    Checking defaults for TS1/cmr/m/n on input line 132.
LaTeX Font Info:    Try loading font information for TS1+cmr on input line 132.

("C:\Users\medtj\AppData\Local\Programs\MiKTeX 2.9\tex\latex\base\ts1cmr.fd"
File: ts1cmr.fd 2014/09/29 v2.5h Standard LaTeX font definitions
)
LaTeX Font Info:    ... okay on input line 132.
LaTeX Font Info:    Checking defaults for PD1/pdf/m/n on input line 132.
LaTeX Font Info:    ... okay on input line 132.
LaTeX Font Info:    Checking defaults for PU/pdf/m/n on input line 132.
LaTeX Font Info:    ... okay on input line 132.
LaTeX Info: Redefining \microtypecontext on input line 132.
Package microtype Info: Character protrusion enabled (level 2).
Package microtype Info: Using protrusion set `basicmath'.
Package microtype Info: No adjustment of tracking.
Package microtype Info: No adjustment of spacing.
Package microtype Info: No adjustment of kerning.

("C:\Users\medtj\AppData\Local\Programs\MiKTeX 2.9\tex\latex\microtype\mt-Latin
ModernRoman.cfg"
File: mt-LatinModernRoman.cfg 2013/03/13 v1.0 microtype config. file: Latin Mod
ern Roman (RS)
)
*geometry* detected driver: pdftex
*geometry* verbose mode - [ preamble ] result:
* driver: pdftex
* paper: <default>
* layout: <same size as paper>
* layoutoffset:(h,v)=(0.0pt,0.0pt)
* modes: twoside 
* h-part:(L,W,R)=(72.26999pt, 469.75502pt, 72.26999pt)
* v-part:(T,H,B)=(72.26999pt, 650.43001pt, 72.26999pt)
* \paperwidth=614.295pt
* \paperheight=794.96999pt
* \textwidth=469.75502pt
* \textheight=650.43001pt
* \oddsidemargin=0.0pt
* \evensidemargin=0.0pt
* \topmargin=-30.06749pt
* \headheight=12.0pt
* \headsep=18.06749pt
* \topskip=10.0pt
* \footskip=25.29494pt
* \marginparwidth=125.0pt
* \marginparsep=7.0pt
* \columnsep=10.0pt
* \skip\footins=9.0pt plus 4.0pt minus 2.0pt
* \hoffset=0.0pt
* \voffset=0.0pt
* \mag=1000
* \@twocolumnfalse
* \@twosidetrue
* \@mparswitchtrue
* \@reversemarginfalse
* (1in=72.27pt=25.4mm, 1cm=28.453pt)

\AtBeginShipoutBox=\box50
Package hyperref Info: Link coloring OFF on input line 132.

("C:\Users\medtj\AppData\Local\Programs\MiKTeX 2.9\tex\latex\hyperref\nameref.s
ty"
Package: nameref 2016/05/21 v2.44 Cross-referencing by name of section

("C:\Users\medtj\AppData\Local\Programs\MiKTeX 2.9\tex\generic\oberdiek\gettitl
estring.sty"
Package: gettitlestring 2016/05/16 v1.5 Cleanup title references (HO)
)
\c@section@level=\count298
)
LaTeX Info: Redefining \ref on input line 132.
LaTeX Info: Redefining \pageref on input line 132.
LaTeX Info: Redefining \nameref on input line 132.
\@outlinefile=\write4
\openout4 = `jabstb.out'.


Package hyperref Warning: Rerun to get /PageLabels entry.

LaTeX Font Info:    Try loading font information for OT1+lmr on input line 133.

("C:\Users\medtj\AppData\Local\Programs\MiKTeX 2.9\tex\latex\lm\ot1lmr.fd"
File: ot1lmr.fd 2009/10/30 v1.6 Font defs for Latin Modern
)
Package microtype Info: Loading generic protrusion settings for font family
(microtype)             `lmr' (encoding: OT1).
(microtype)             For optimal results, create family-specific settings.
(microtype)             See the microtype manual for details.
LaTeX Font Info:    Try loading font information for OML+lmm on input line 133.

("C:\Users\medtj\AppData\Local\Programs\MiKTeX 2.9\tex\latex\lm\omllmm.fd"
File: omllmm.fd 2009/10/30 v1.6 Font defs for Latin Modern
)
LaTeX Font Info:    Try loading font information for OMS+lmsy on input line 133
.
("C:\Users\medtj\AppData\Local\Programs\MiKTeX 2.9\tex\latex\lm\omslmsy.fd"
File: omslmsy.fd 2009/10/30 v1.6 Font defs for Latin Modern
)
LaTeX Font Info:    Try loading font information for OMX+lmex on input line 133
.
("C:\Users\medtj\AppData\Local\Programs\MiKTeX 2.9\tex\latex\lm\omxlmex.fd"
File: omxlmex.fd 2009/10/30 v1.6 Font defs for Latin Modern
)
LaTeX Font Info:    External font `lmex10' loaded for size
(Font)              <12> on input line 133.
LaTeX Font Info:    External font `lmex10' loaded for size
(Font)              <8> on input line 133.
LaTeX Font Info:    External font `lmex10' loaded for size
(Font)              <6> on input line 133.
LaTeX Font Info:    Try loading font information for U+msa on input line 133.
("C:\Users\medtj\AppData\Local\Programs\MiKTeX 2.9\tex\latex\amsfonts\umsa.fd"
File: umsa.fd 2013/01/14 v3.01 AMS symbols A
)
("C:\Users\medtj\AppData\Local\Programs\MiKTeX 2.9\tex\latex\microtype\mt-msa.c
fg"
File: mt-msa.cfg 2006/02/04 v1.1 microtype config. file: AMS symbols (a) (RS)
)
LaTeX Font Info:    Try loading font information for U+msb on input line 133.
("C:\Users\medtj\AppData\Local\Programs\MiKTeX 2.9\tex\latex\amsfonts\umsb.fd"
File: umsb.fd 2013/01/14 v3.01 AMS symbols B
)
("C:\Users\medtj\AppData\Local\Programs\MiKTeX 2.9\tex\latex\microtype\mt-msb.c
fg"
File: mt-msb.cfg 2005/06/01 v1.0 microtype config. file: AMS symbols (b) (RS)
) [1


] [2

]
\tf@toc=\write5
\openout5 = `jabstb.toc'.

[3] [4

]
File: images/book_cover.jpg Graphic file (type bmp)
<images/book_cover.jpg>

Overfull \hbox (33.2598pt too wide) in paragraph at lines 143--144
[] 
 []


Underfull \vbox (badness 10000) has occurred while \output is active []

[5]
Overfull \vbox (143.1977pt too high) has occurred while \output is active []

[6] [7] [8

]
Chapter 1.
File: images/my_shot.jpg Graphic file (type bmp)
<images/my_shot.jpg>

Overfull \hbox (412.28319pt too wide) in paragraph at lines 192--193
[][] 
 []


Underfull \vbox (badness 10000) has occurred while \output is active []

[9] [10] [11] [12

]
Chapter 2.
File: images/ra_fisher.jpg Graphic file (type bmp)
<images/ra_fisher.jpg>

Overfull \hbox (100.83089pt too wide) in paragraph at lines 228--228
[]\TU/lmr/m/n/10 Figure 2.1: []RA Fisher in 1913, from the [Adelaide Digital Ar
chive](https://digital.library.adelaide.edu.au/dspace/handle/2440/3860) 
 []

[13] [14] [15] [16

]
Chapter 3.
LaTeX Font Info:    Font shape `TU/lmtt/bx/n' in size <10> not available
(Font)              Font shape `TU/lmtt/b/n' tried instead on input line 262.
[17]
LaTeX Font Info:    External font `lmex10' loaded for size
(Font)              <10> on input line 332.
LaTeX Font Info:    External font `lmex10' loaded for size
(Font)              <7> on input line 332.
LaTeX Font Info:    External font `lmex10' loaded for size
(Font)              <5> on input line 332.

Package longtable Warning: Column widths have changed
(longtable)                in table 3.1 on input line 336.


Underfull \hbox (badness 10000) in paragraph at lines 342--343

 []

File: jabstb_files/figure-latex/unnamed-chunk-6-1.pdf Graphic file (type pdf)
<use jabstb_files/figure-latex/unnamed-chunk-6-1.pdf>

LaTeX Warning: Reference `pvalues' on page 18 undefined on input line 369.

[18] [19] [20] [21] [22

]
Chapter 4.
[23] [24] [25] [26] [27] [28] [29] [30

]
Chapter 5.
File: images/hypothesis.jpg Graphic file (type bmp)
<images/hypothesis.jpg>
[31] [32] [33] [34] [35] [36

]
Chapter 6.
[37] [38]
File: jabstb_files/figure-latex/unnamed-chunk-14-1.pdf Graphic file (type pdf)
<use jabstb_files/figure-latex/unnamed-chunk-14-1.pdf>

Underfull \vbox (badness 10000) has occurred while \output is active []

[39]
Underfull \vbox (badness 1558) has occurred while \output is active []

[40]
File: jabstb_files/figure-latex/unnamed-chunk-15-1.pdf Graphic file (type pdf)
<use jabstb_files/figure-latex/unnamed-chunk-15-1.pdf>

Underfull \vbox (badness 10000) has occurred while \output is active []

[41] [42]
File: jabstb_files/figure-latex/unnamed-chunk-16-1.pdf Graphic file (type pdf)
<use jabstb_files/figure-latex/unnamed-chunk-16-1.pdf>
[43] [44

]
Chapter 7.
[45]
File: jabstb_files/figure-latex/unnamed-chunk-20-1.pdf Graphic file (type pdf)
<use jabstb_files/figure-latex/unnamed-chunk-20-1.pdf>

Underfull \vbox (badness 6332) has occurred while \output is active []

[46]
File: jabstb_files/figure-latex/unnamed-chunk-22-1.pdf Graphic file (type pdf)
<use jabstb_files/figure-latex/unnamed-chunk-22-1.pdf>

Underfull \vbox (badness 10000) has occurred while \output is active []

[47] [48] [49] [50

]
Chapter 8.
[51]
Underfull \vbox (badness 2012) has occurred while \output is active []

[52]
File: images/testing_heuristic.jpg Graphic file (type bmp)
<images/testing_heuristic.jpg>

Overfull \hbox (252.32033pt too wide) in paragraph at lines 1429--1429
[][] 
 []

File: images/si_units.jpg Graphic file (type bmp)
<images/si_units.jpg>

Overfull \hbox (252.32033pt too wide) in paragraph at lines 1452--1452
[][] 
 []

[53] [54] [55]
! Missing $ inserted.
<inserted text> 
                $
l.1485 ...unt}, an integer variable that has \$\le
                                                  \$50 levels. 
Here is how much of TeX's memory you used:
 24308 strings out of 427748
 437795 string characters out of 3147011
 579916 words of memory out of 3000000
 28111 multiletter control sequences out of 15000+200000
 557117 words of font info for 72 fonts, out of 3000000 for 9000
 1328 hyphenation exceptions out of 8191
 45i,6n,68p,851b,443s stack positions out of 5000i,500n,10000p,200000b,50000s

Output written on jabstb.pdf (55 pages).
